0 info it worked if it ends with ok
1 verbose cli [ 'F:\\Program Files\\nodejs\\node.exe',
1 verbose cli   'F:\\Program Files\\nodejs\\node_modules\\npm\\bin\\npm-cli.js',
1 verbose cli   'start' ]
2 info using npm@3.10.10
3 info using node@v6.10.3
4 verbose run-script [ 'prestart', 'start', 'poststart' ]
5 info lifecycle NiceFish@0.0.8~prestart: NiceFish@0.0.8
6 silly lifecycle NiceFish@0.0.8~prestart: no script for prestart, continuing
7 info lifecycle NiceFish@0.0.8~start: NiceFish@0.0.8
8 verbose lifecycle NiceFish@0.0.8~start: unsafe-perm in lifecycle true
9 verbose lifecycle NiceFish@0.0.8~start: PATH: F:\Program Files\nodejs\node_modules\npm\bin\node-gyp-bin;D:\CloudSearch\Angular\node_modules\.bin;F:\ProgramData\Oracle\Java\javapath;F:\WINDOWS\system32;F:\WINDOWS;F:\WINDOWS\System32\Wbem;F:\WINDOWS\System32\WindowsPowerShell\v1.0\;F:\WINDOWS\system32\config\systemprofile\.dnx\bin;F:\Program Files\Microsoft DNX\Dnvm\;F:\Program Files\Microsoft SQL Server\130\Tools\Binn\;F:\Program Files\nodejs\;F:\Users\acer-LPF\AppData\Local\Microsoft\WindowsApps;d:\Program Files (x86)\MaShang6\bin;f:\Program Files\Java\jdk1.8.0_131\bin;F:\Users\acer-LPF\AppData\Roaming\npm;F:\Python27;D:\Program Files (x86)\UltraEdit;d:\Program Files (x86)\Microsoft VS Code\bin
10 verbose lifecycle NiceFish@0.0.8~start: CWD: D:\CloudSearch\Angular
11 silly lifecycle NiceFish@0.0.8~start: Args: [ '/d /s /c', 'ng serve' ]
12 silly lifecycle NiceFish@0.0.8~start: Returned: code: 3221225786  signal: null
13 info lifecycle NiceFish@0.0.8~start: Failed to exec start script
14 verbose stack Error: NiceFish@0.0.8 start: `ng serve`
14 verbose stack Exit status 3221225786
14 verbose stack     at EventEmitter.<anonymous> (F:\Program Files\nodejs\node_modules\npm\lib\utils\lifecycle.js:255:16)
14 verbose stack     at emitTwo (events.js:106:13)
14 verbose stack     at EventEmitter.emit (events.js:191:7)
14 verbose stack     at ChildProcess.<anonymous> (F:\Program Files\nodejs\node_modules\npm\lib\utils\spawn.js:40:14)
14 verbose stack     at emitTwo (events.js:106:13)
14 verbose stack     at ChildProcess.emit (events.js:191:7)
14 verbose stack     at maybeClose (internal/child_process.js:886:16)
14 verbose stack     at Process.ChildProcess._handle.onexit (internal/child_process.js:226:5)
15 verbose pkgid NiceFish@0.0.8
16 verbose cwd D:\CloudSearch\Angular
17 error Windows_NT 10.0.15063
18 error argv "F:\\Program Files\\nodejs\\node.exe" "F:\\Program Files\\nodejs\\node_modules\\npm\\bin\\npm-cli.js" "start"
19 error node v6.10.3
20 error npm  v3.10.10
21 error code ELIFECYCLE
22 error NiceFish@0.0.8 start: `ng serve`
22 error Exit status 3221225786
23 error Failed at the NiceFish@0.0.8 start script 'ng serve'.
23 error Make sure you have the latest version of node.js and npm installed.
23 error If you do, this is most likely a problem with the NiceFish package,
23 error not with npm itself.
23 error Tell the author that this fails on your system:
23 error     ng serve
23 error You can get information on how to open an issue for this project with:
23 error     npm bugs NiceFish
23 error Or if that isn't available, you can get their info via:
23 error     npm owner ls NiceFish
23 error There is likely additional logging output above.
24 verbose exit [ 1, true ]
